-------------------------------------------------------------------------------
Test set: pl.nsn.message.dao.MessageXMLDaoTest
-------------------------------------------------------------------------------
Tests run: 2, Failures: 0, Errors: 1, Skipped: 0, Time elapsed: 0.435 sec <<< FAILURE!
testSave(pl.nsn.message.dao.MessageXMLDaoTest)  Time elapsed: 0.075 sec  <<< ERROR!
java.lang.RuntimeException: Exception while saving message to xml file
	at pl.nsn.message.utils.XMLUtils.updateXMLFile(XMLUtils.java:45)
	at pl.nsn.message.dao.MessageXMLDao.saveMessage(MessageXMLDao.java:49)
	at pl.nsn.message.dao.MessageXMLDaoTest.testSave(MessageXMLDaoTest.java:54)
	at sun.reflect.NativeMethodAccessorImpl.invoke0(Native Method)
	at sun.reflect.NativeMethodAccessorImpl.invoke(NativeMethodAccessorImpl.java:57)
	at sun.reflect.DelegatingMethodAccessorImpl.invoke(DelegatingMethodAccessorImpl.java:43)
	at java.lang.reflect.Method.invoke(Method.java:606)
	at org.junit.runners.model.FrameworkMethod$1.runReflectiveCall(FrameworkMethod.java:47)
	at org.junit.internal.runners.model.ReflectiveCallable.run(ReflectiveCallable.java:12)
	at org.junit.runners.model.FrameworkMethod.invokeExplosively(FrameworkMethod.java:44)
	at org.junit.internal.runners.statements.InvokeMethod.evaluate(InvokeMethod.java:17)
	at org.junit.runners.ParentRunner.runLeaf(ParentRunner.java:271)
	at org.junit.runners.BlockJUnit4ClassRunner.runChild(BlockJUnit4ClassRunner.java:70)
	at org.junit.runners.BlockJUnit4ClassRunner.runChild(BlockJUnit4ClassRunner.java:50)
	at org.junit.runners.ParentRunner$3.run(ParentRunner.java:238)
	at org.junit.runners.ParentRunner$1.schedule(ParentRunner.java:63)
	at org.junit.runners.ParentRunner.runChildren(ParentRunner.java:236)
	at org.junit.runners.ParentRunner.access$000(ParentRunner.java:53)
	at org.junit.runners.ParentRunner$2.evaluate(ParentRunner.java:229)
	at org.junit.runners.ParentRunner.run(ParentRunner.java:309)
	at org.apache.maven.surefire.junit4.JUnit4TestSet.execute(JUnit4TestSet.java:53)
	at org.apache.maven.surefire.junit4.JUnit4Provider.executeTestSet(JUnit4Provider.java:123)
	at org.apache.maven.surefire.junit4.JUnit4Provider.invoke(JUnit4Provider.java:104)
	at sun.reflect.NativeMethodAccessorImpl.invoke0(Native Method)
	at sun.reflect.NativeMethodAccessorImpl.invoke(NativeMethodAccessorImpl.java:57)
	at sun.reflect.DelegatingMethodAccessorImpl.invoke(DelegatingMethodAccessorImpl.java:43)
	at java.lang.reflect.Method.invoke(Method.java:606)
	at org.apache.maven.surefire.util.ReflectionUtils.invokeMethodWithArray(ReflectionUtils.java:164)
	at org.apache.maven.surefire.booter.ProviderFactory$ProviderProxy.invoke(ProviderFactory.java:110)
	at org.apache.maven.surefire.booter.SurefireStarter.invokeProvider(SurefireStarter.java:175)
	at org.apache.maven.surefire.booter.SurefireStarter.runSuitesInProcessWhenForked(SurefireStarter.java:107)
	at org.apache.maven.surefire.booter.ForkedBooter.main(ForkedBooter.java:68)
Caused by: javax.xml.transform.TransformerException: java.io.FileNotFoundException: file:\D:\Programming\Java\workspace4\message-sender\src\test\resources\destinationTestMessages.xml (Nazwa pliku, nazwa katalogu lub sk³adnia etykiety woluminu jest niepoprawna)
	at org.apache.xalan.transformer.TransformerIdentityImpl.createResultContentHandler(TransformerIdentityImpl.java:245)
	at org.apache.xalan.transformer.TransformerIdentityImpl.transform(TransformerIdentityImpl.java:278)
	at pl.nsn.message.utils.XMLUtils.updateXMLFile(XMLUtils.java:43)
	... 31 more
Caused by: java.io.FileNotFoundException: file:\D:\Programming\Java\workspace4\message-sender\src\test\resources\destinationTestMessages.xml (Nazwa pliku, nazwa katalogu lub sk³adnia etykiety woluminu jest niepoprawna)
	at java.io.FileOutputStream.open(Native Method)
	at java.io.FileOutputStream.<init>(FileOutputStream.java:221)
	at java.io.FileOutputStream.<init>(FileOutputStream.java:110)
	at org.apache.xalan.transformer.TransformerIdentityImpl.createResultContentHandler(TransformerIdentityImpl.java:235)
	... 33 more
